{
  "uid" : "1d80904073a735cc",
  "name" : "Home page - smoke test",
  "fullName" : "tests.ui.test_search.TestWeb#test_homepage_title",
  "historyId" : "65fd2b4dfcf9c1e5ba26298719a99a88",
  "time" : {
    "start" : 1649165668388,
    "stop" : 1649165669100,
    "duration" : 712
  },
  "status" : "failed",
  "statusMessage" : "AssertionError: assert False",
  "statusTrace" : "self = <test_search.TestWeb object at 0x7fe365a289a0>\n\n    @allure.title(\"Home page - smoke test\")\n    def test_homepage_title(self):\n        self.driver.get(\"https://www.google.com\")\n>       assert False\nE       assert False\n\ntests/ui/test_search.py:25: AssertionError",
  "flaky" : false,
  "newFailed" : false,
  "beforeStages" : [ {
    "name" : "web_setup",
    "time" : {
      "start" : 1649165667868,
      "stop" : 1649165668387,
      "duration" : 519
    },
    "status" : "passed",
    "steps" : [ ],
    "attachments" : [ ],
    "parameters" : [ ],
    "stepsCount" : 0,
    "attachmentsCount" : 0,
    "shouldDisplayMessage" : false,
    "hasContent" : false
  }, {
    "name" : "browser",
    "time" : {
      "start" : 1649165667868,
      "stop" : 1649165667868,
      "duration" : 0
    },
    "status" : "passed",
    "steps" : [ ],
    "attachments" : [ ],
    "parameters" : [ ],
    "stepsCount" : 0,
    "attachmentsCount" : 0,
    "shouldDisplayMessage" : false,
    "hasContent" : false
  }, {
    "name" : "_session_faker",
    "time" : {
      "start" : 1649165664386,
      "stop" : 1649165664451,
      "duration" : 65
    },
    "status" : "passed",
    "steps" : [ ],
    "attachments" : [ ],
    "parameters" : [ ],
    "stepsCount" : 0,
    "attachmentsCount" : 0,
    "shouldDisplayMessage" : false,
    "hasContent" : false
  } ],
  "afterStages" : [ {
    "name" : "web_setup::0",
    "time" : {
      "start" : 1649165669140,
      "stop" : 1649165669141,
      "duration" : 1
    },
    "status" : "broken",
    "statusMessage" : "NameError: name 'allure' is not defined\n",
    "statusTrace" : "  File \"/opt/hostedtoolcache/Python/3.10.4/x64/lib/python3.10/site-packages/allure_commons/_allure.py\", line 200, in __call__\n    return self._fixture_function(*args, **kwargs)\n  File \"/opt/hostedtoolcache/Python/3.10.4/x64/lib/python3.10/site-packages/_pytest/fixtures.py\", line 941, in _teardown_yield_fixture\n    next(it)\n  File \"/home/runner/work/docker-selenium/docker-selenium/tests/conftest.py\", line 55, in web_setup\n    allure.attach(\n",
    "steps" : [ ],
    "attachments" : [ ],
    "parameters" : [ ],
    "stepsCount" : 0,
    "attachmentsCount" : 0,
    "shouldDisplayMessage" : true,
    "hasContent" : true
  } ],
  "labels" : [ {
    "name" : "tag",
    "value" : "@pytest.mark.usefixtures('web_setup')"
  }, {
    "name" : "parentSuite",
    "value" : "tests.ui"
  }, {
    "name" : "suite",
    "value" : "test_search"
  }, {
    "name" : "subSuite",
    "value" : "TestWeb"
  }, {
    "name" : "host",
    "value" : "fv-az292-638"
  }, {
    "name" : "thread",
    "value" : "3469-MainThread"
  }, {
    "name" : "framework",
    "value" : "pytest"
  }, {
    "name" : "language",
    "value" : "cpython3"
  }, {
    "name" : "package",
    "value" : "tests.ui.test_search"
  }, {
    "name" : "resultFormat",
    "value" : "allure2"
  } ],
  "parameters" : [ ],
  "links" : [ ],
  "hidden" : false,
  "retry" : false,
  "extra" : {
    "severity" : "normal",
    "retries" : [ ],
    "categories" : [ {
      "name" : "Product defects",
      "matchedStatuses" : [ ],
      "flaky" : false
    } ],
    "history" : {
      "statistic" : {
        "failed" : 2,
        "broken" : 8,
        "skipped" : 0,
        "passed" : 11,
        "unknown" : 0,
        "total" : 21
      },
      "items" : [ {
        "uid" : "22cc18f00a1cf0ae",
        "reportUrl" : "https://rupu1906.github.io/docker-selenium/19//#testresult/22cc18f00a1cf0ae",
        "status" : "failed",
        "statusDetails" : "AssertionError: assert False",
        "time" : {
          "start" : 1649165607884,
          "stop" : 1649165608696,
          "duration" : 812
        }
      }, {
        "uid" : "3864d48949a32a4b",
        "reportUrl" : "https://rupu1906.github.io/docker-selenium/7//#testresult/3864d48949a32a4b",
        "status" : "broken",
        "statusDetails" : "urllib3.exceptions.MaxRetryError: HTTPConnectionPool(host='chrome', port=4444): Max retries exceeded with url: /wd/hub/session (Caused by NewConnectionError('<urllib3.connection.HTTPConnection object at 0x7f69c00f5c00>: Failed to establish a new connection: [Errno 111] Connection refused'))",
        "time" : {
          "start" : 1649165600036,
          "stop" : 1649165600036,
          "duration" : 0
        }
      }, {
        "uid" : "2df502601f9bbcec",
        "reportUrl" : "https://rupu1906.github.io/docker-selenium/6//#testresult/2df502601f9bbcec",
        "status" : "broken",
        "statusDetails" : "urllib3.exceptions.MaxRetryError: HTTPConnectionPool(host='chrome', port=4444): Max retries exceeded with url: /wd/hub/session (Caused by NewConnectionError('<urllib3.connection.HTTPConnection object at 0x7fe6809ec8b0>: Failed to establish a new connection: [Errno 111] Connection refused'))",
        "time" : {
          "start" : 1649110749784,
          "stop" : 1649110749784,
          "duration" : 0
        }
      }, {
        "uid" : "a811dbc725738448",
        "reportUrl" : "https://rupu1906.github.io/docker-selenium/18//#testresult/a811dbc725738448",
        "status" : "passed",
        "time" : {
          "start" : 1649110729602,
          "stop" : 1649110730403,
          "duration" : 801
        }
      }, {
        "uid" : "4ebfbca5d49bb805",
        "reportUrl" : "https://rupu1906.github.io/docker-selenium/17//#testresult/4ebfbca5d49bb805",
        "status" : "passed",
        "time" : {
          "start" : 1649109321731,
          "stop" : 1649109322377,
          "duration" : 646
        }
      }, {
        "uid" : "478735d34d80760",
        "reportUrl" : "https://rupu1906.github.io/docker-selenium/4//#testresult/478735d34d80760",
        "status" : "broken",
        "statusDetails" : "urllib3.exceptions.MaxRetryError: HTTPConnectionPool(host='chrome', port=4444): Max retries exceeded with url: /wd/hub/session (Caused by NewConnectionError('<urllib3.connection.HTTPConnection object at 0x7ff130cd0820>: Failed to establish a new connection: [Errno 111] Connection refused'))",
        "time" : {
          "start" : 1649109176032,
          "stop" : 1649109176032,
          "duration" : 0
        }
      }, {
        "uid" : "10765b1d788039fc",
        "reportUrl" : "https://rupu1906.github.io/docker-selenium/3//#testresult/10765b1d788039fc",
        "status" : "broken",
        "statusDetails" : "urllib3.exceptions.MaxRetryError: HTTPConnectionPool(host='chrome', port=4444): Max retries exceeded with url: /wd/hub/session (Caused by NewConnectionError('<urllib3.connection.HTTPConnection object at 0x7f56549cc850>: Failed to establish a new connection: [Errno 111] Connection refused'))",
        "time" : {
          "start" : 1649109036493,
          "stop" : 1649109036493,
          "duration" : 0
        }
      }, {
        "uid" : "3e0125074b178a3a",
        "reportUrl" : "https://rupu1906.github.io/docker-selenium/14//#testresult/3e0125074b178a3a",
        "status" : "passed",
        "time" : {
          "start" : 1649108803930,
          "stop" : 1649108804774,
          "duration" : 844
        }
      }, {
        "uid" : "483ba636da7627bf",
        "reportUrl" : "https://rupu1906.github.io/docker-selenium/13//#testresult/483ba636da7627bf",
        "status" : "passed",
        "time" : {
          "start" : 1649108544889,
          "stop" : 1649108545644,
          "duration" : 755
        }
      }, {
        "uid" : "9f9b4a8cba06bec",
        "reportUrl" : "https://rupu1906.github.io/docker-selenium/1//#testresult/9f9b4a8cba06bec",
        "status" : "broken",
        "statusDetails" : "urllib3.exceptions.MaxRetryError: HTTPConnectionPool(host='chrome', port=4444): Max retries exceeded with url: /wd/hub/session (Caused by NewConnectionError('<urllib3.connection.HTTPConnection object at 0x7fa14f0008b0>: Failed to establish a new connection: [Errno 111] Connection refused'))",
        "time" : {
          "start" : 1649108544826,
          "stop" : 1649108544826,
          "duration" : 0
        }
      }, {
        "uid" : "3910b510ea48b407",
        "reportUrl" : "https://rupu1906.github.io/docker-selenium/11//#testresult/3910b510ea48b407",
        "status" : "passed",
        "time" : {
          "start" : 1649108210402,
          "stop" : 1649108211064,
          "duration" : 662
        }
      }, {
        "uid" : "43f664244e77d354",
        "reportUrl" : "https://rupu1906.github.io/docker-selenium/10//#testresult/43f664244e77d354",
        "status" : "passed",
        "time" : {
          "start" : 1649107864601,
          "stop" : 1649107865197,
          "duration" : 596
        }
      }, {
        "uid" : "985d8dac4423834b",
        "reportUrl" : "https://rupu1906.github.io/docker-selenium/9//#testresult/985d8dac4423834b",
        "status" : "passed",
        "time" : {
          "start" : 1649107514593,
          "stop" : 1649107515358,
          "duration" : 765
        }
      }, {
        "uid" : "90364937b93ecdd9",
        "reportUrl" : "https://rupu1906.github.io/docker-selenium/8//#testresult/90364937b93ecdd9",
        "status" : "broken",
        "statusDetails" : "selenium.common.exceptions.WebDriverException: Message: unknown error: Chrome failed to start: exited abnormally.\n  (unknown error: DevToolsActivePort file doesn't exist)\n  (The process started from chrome location /usr/bin/google-chrome is no longer running, so ChromeDriver is assuming that Chrome has crashed.)\nStacktrace:\n#0 0x559891f03ad3 <unknown>\n#1 0x559891c63568 <unknown>\n#2 0x559891c86b37 <unknown>\n#3 0x559891c8223a <unknown>\n#4 0x559891cbd2ba <unknown>\n#5 0x559891cb74e3 <unknown>\n#6 0x559891c8cd1a <unknown>\n#7 0x559891c8de75 <unknown>\n#8 0x559891f31efd <unknown>\n#9 0x559891f4b19b <unknown>\n#10 0x559891f33c65 <unknown>\n#11 0x559891f4bec8 <unknown>\n#12 0x559891f27360 <unknown>\n#13 0x559891f67a68 <unknown>\n#14 0x559891f67be8 <unknown>\n#15 0x559891f817fd <unknown>\n#16 0x7fabf5d65609 <unknown>",
        "time" : {
          "start" : 1649107300763,
          "stop" : 1649107300763,
          "duration" : 0
        }
      }, {
        "uid" : "2eef5f1610afdbd1",
        "reportUrl" : "https://rupu1906.github.io/docker-selenium/7//#testresult/2eef5f1610afdbd1",
        "status" : "passed",
        "time" : {
          "start" : 1649106452311,
          "stop" : 1649106453097,
          "duration" : 786
        }
      }, {
        "uid" : "17ba9ec2f1b1e3fc",
        "reportUrl" : "https://rupu1906.github.io/docker-selenium/6//#testresult/17ba9ec2f1b1e3fc",
        "status" : "passed",
        "time" : {
          "start" : 1649106437452,
          "stop" : 1649106438131,
          "duration" : 679
        }
      }, {
        "uid" : "c5d7fcbade183839",
        "reportUrl" : "https://rupu1906.github.io/docker-selenium/5//#testresult/c5d7fcbade183839",
        "status" : "passed",
        "time" : {
          "start" : 1649106384201,
          "stop" : 1649106384935,
          "duration" : 734
        }
      }, {
        "uid" : "e986e97d201592be",
        "reportUrl" : "https://rupu1906.github.io/docker-selenium/4//#testresult/e986e97d201592be",
        "status" : "passed",
        "time" : {
          "start" : 1649105934700,
          "stop" : 1649105935434,
          "duration" : 734
        }
      }, {
        "uid" : "e28ca54c453a945b",
        "reportUrl" : "https://rupu1906.github.io/docker-selenium/3//#testresult/e28ca54c453a945b",
        "status" : "broken",
        "statusDetails" : "NameError: name 'webdriver' is not defined",
        "time" : {
          "start" : 1649105743161,
          "stop" : 1649105743161,
          "duration" : 0
        }
      }, {
        "uid" : "92d52fe764934efa",
        "reportUrl" : "https://rupu1906.github.io/docker-selenium/2//#testresult/92d52fe764934efa",
        "status" : "broken",
        "statusDetails" : "ValueError: no option named '--host'",
        "time" : {
          "start" : 1649105572847,
          "stop" : 1649105572847,
          "duration" : 0
        }
      } ]
    },
    "tags" : [ "@pytest.mark.usefixtures('web_setup')" ]
  },
  "source" : "1d80904073a735cc.json",
  "parameterValues" : [ ]
}