{
  "uid" : "c1be31e5e765426",
  "name" : "Home page - smoke test",
  "fullName" : "tests.ui.test_search.TestWeb#test_homepage_title12",
  "historyId" : "b2e57dac307fb5f5a232440dbae3faf9",
  "time" : {
    "start" : 1649107303228,
    "stop" : 1649107303228,
    "duration" : 0
  },
  "status" : "broken",
  "statusMessage" : "selenium.common.exceptions.WebDriverException: Message: unknown error: Chrome failed to start: exited abnormally.\n  (unknown error: DevToolsActivePort file doesn't exist)\n  (The process started from chrome location /usr/bin/google-chrome is no longer running, so ChromeDriver is assuming that Chrome has crashed.)\nStacktrace:\n#0 0x56466e658ad3 <unknown>\n#1 0x56466e3b8568 <unknown>\n#2 0x56466e3dbb37 <unknown>\n#3 0x56466e3d723a <unknown>\n#4 0x56466e4122ba <unknown>\n#5 0x56466e40c4e3 <unknown>\n#6 0x56466e3e1d1a <unknown>\n#7 0x56466e3e2e75 <unknown>\n#8 0x56466e686efd <unknown>\n#9 0x56466e6a019b <unknown>\n#10 0x56466e688c65 <unknown>\n#11 0x56466e6a0ec8 <unknown>\n#12 0x56466e67c360 <unknown>\n#13 0x56466e6bca68 <unknown>\n#14 0x56466e6bcbe8 <unknown>\n#15 0x56466e6d67fd <unknown>\n#16 0x7fe28fe92609 <unknown>",
  "statusTrace" : "request = <SubRequest 'web_setup' for <Function test_homepage_title12>>\nbrowser = 'chrome'\n\n    @pytest.fixture\n    def web_setup(request, browser):\n        host = request.config.getoption(\"--host\")\n        port = request.config.getoption(\"--port\")\n        caps = request.config.getoption(\"--browser\")\n        if request.config.getoption(\"--remote\") != \"False\":\n            driver = webdriver.Remote(\n                f\"http://{host}:{port}/wd/hub\",\n                desired_capabilities=DriverExtensions.get_remote_browser(caps),\n            )\n        else:\n>           driver = DriverExtensions.get_browser_driver(browser, web_config)\n\ntests/conftest.py:49: \n_ _ _ _ _ _ _ _ _ _ _ _ _ _ _ _ _ _ _ _ _ _ _ _ _ _ _ _ _ _ _ _ _ _ _ _ _ _ _ _ \nsrc/PracticeTests/helpers/driver.py:19: in get_browser_driver\n    chrome_driver = webdriver.Chrome(\n/opt/hostedtoolcache/Python/3.10.4/x64/lib/python3.10/site-packages/selenium/webdriver/chrome/webdriver.py:70: in __init__\n    super(WebDriver, self).__init__(DesiredCapabilities.CHROME['browserName'], \"goog\",\n/opt/hostedtoolcache/Python/3.10.4/x64/lib/python3.10/site-packages/selenium/webdriver/chromium/webdriver.py:93: in __init__\n    RemoteWebDriver.__init__(\n/opt/hostedtoolcache/Python/3.10.4/x64/lib/python3.10/site-packages/selenium/webdriver/remote/webdriver.py:268: in __init__\n    self.start_session(capabilities, browser_profile)\n/opt/hostedtoolcache/Python/3.10.4/x64/lib/python3.10/site-packages/selenium/webdriver/remote/webdriver.py:359: in start_session\n    response = self.execute(Command.NEW_SESSION, parameters)\n/opt/hostedtoolcache/Python/3.10.4/x64/lib/python3.10/site-packages/selenium/webdriver/remote/webdriver.py:424: in execute\n    self.error_handler.check_response(response)\n_ _ _ _ _ _ _ _ _ _ _ _ _ _ _ _ _ _ _ _ _ _ _ _ _ _ _ _ _ _ _ _ _ _ _ _ _ _ _ _ \n\nself = <selenium.webdriver.remote.errorhandler.ErrorHandler object at 0x7f4cf15923e0>\nresponse = {'status': 500, 'value': '{\"value\":{\"error\":\"unknown error\",\"message\":\"unknown error: Chrome failed to start: exited a...\\\\n#14 0x56466e6bcbe8 \\\\u003Cunknown>\\\\n#15 0x56466e6d67fd \\\\u003Cunknown>\\\\n#16 0x7fe28fe92609 \\\\u003Cunknown>\\\\n\"}}'}\n\n    def check_response(self, response: Dict[str, Any]) -> None:\n        \"\"\"\n        Checks that a JSON response from the WebDriver does not have an error.\n    \n        :Args:\n         - response - The JSON response from the WebDriver server as a dictionary\n           object.\n    \n        :Raises: If the response contains an error message.\n        \"\"\"\n        status = response.get('status', None)\n        if not status or status == ErrorCode.SUCCESS:\n            return\n        value = None\n        message = response.get(\"message\", \"\")\n        screen: str = response.get(\"screen\", \"\")\n        stacktrace = None\n        if isinstance(status, int):\n            value_json = response.get('value', None)\n            if value_json and isinstance(value_json, str):\n                import json\n                try:\n                    value = json.loads(value_json)\n                    if len(value.keys()) == 1:\n                        value = value['value']\n                    status = value.get('error', None)\n                    if not status:\n                        status = value.get(\"status\", ErrorCode.UNKNOWN_ERROR)\n                        message = value.get(\"value\") or value.get(\"message\")\n                        if not isinstance(message, str):\n                            value = message\n                            message = message.get('message')\n                    else:\n                        message = value.get('message', None)\n                except ValueError:\n                    pass\n    \n        exception_class: Type[WebDriverException]\n        if status in ErrorCode.NO_SUCH_ELEMENT:\n            exception_class = NoSuchElementException\n        elif status in ErrorCode.NO_SUCH_FRAME:\n            exception_class = NoSuchFrameException\n        elif status in ErrorCode.NO_SUCH_SHADOW_ROOT:\n            exception_class = NoSuchShadowRootException\n        elif status in ErrorCode.NO_SUCH_WINDOW:\n            exception_class = NoSuchWindowException\n        elif status in ErrorCode.STALE_ELEMENT_REFERENCE:\n            exception_class = StaleElementReferenceException\n        elif status in ErrorCode.ELEMENT_NOT_VISIBLE:\n            exception_class = ElementNotVisibleException\n        elif status in ErrorCode.INVALID_ELEMENT_STATE:\n            exception_class = InvalidElementStateException\n        elif status in ErrorCode.INVALID_SELECTOR \\\n                or status in ErrorCode.INVALID_XPATH_SELECTOR \\\n                or status in ErrorCode.INVALID_XPATH_SELECTOR_RETURN_TYPER:\n            exception_class = InvalidSelectorException\n        elif status in ErrorCode.ELEMENT_IS_NOT_SELECTABLE:\n            exception_class = ElementNotSelectableException\n        elif status in ErrorCode.ELEMENT_NOT_INTERACTABLE:\n            exception_class = ElementNotInteractableException\n        elif status in ErrorCode.INVALID_COOKIE_DOMAIN:\n            exception_class = InvalidCookieDomainException\n        elif status in ErrorCode.UNABLE_TO_SET_COOKIE:\n            exception_class = UnableToSetCookieException\n        elif status in ErrorCode.TIMEOUT:\n            exception_class = TimeoutException\n        elif status in ErrorCode.SCRIPT_TIMEOUT:\n            exception_class = TimeoutException\n        elif status in ErrorCode.UNKNOWN_ERROR:\n            exception_class = WebDriverException\n        elif status in ErrorCode.UNEXPECTED_ALERT_OPEN:\n            exception_class = UnexpectedAlertPresentException\n        elif status in ErrorCode.NO_ALERT_OPEN:\n            exception_class = NoAlertPresentException\n        elif status in ErrorCode.IME_NOT_AVAILABLE:\n            exception_class = ImeNotAvailableException\n        elif status in ErrorCode.IME_ENGINE_ACTIVATION_FAILED:\n            exception_class = ImeActivationFailedException\n        elif status in ErrorCode.MOVE_TARGET_OUT_OF_BOUNDS:\n            exception_class = MoveTargetOutOfBoundsException\n        elif status in ErrorCode.JAVASCRIPT_ERROR:\n            exception_class = JavascriptException\n        elif status in ErrorCode.SESSION_NOT_CREATED:\n            exception_class = SessionNotCreatedException\n        elif status in ErrorCode.INVALID_ARGUMENT:\n            exception_class = InvalidArgumentException\n        elif status in ErrorCode.NO_SUCH_COOKIE:\n            exception_class = NoSuchCookieException\n        elif status in ErrorCode.UNABLE_TO_CAPTURE_SCREEN:\n            exception_class = ScreenshotException\n        elif status in ErrorCode.ELEMENT_CLICK_INTERCEPTED:\n            exception_class = ElementClickInterceptedException\n        elif status in ErrorCode.INSECURE_CERTIFICATE:\n            exception_class = InsecureCertificateException\n        elif status in ErrorCode.INVALID_COORDINATES:\n            exception_class = InvalidCoordinatesException\n        elif status in ErrorCode.INVALID_SESSION_ID:\n            exception_class = InvalidSessionIdException\n        elif status in ErrorCode.UNKNOWN_METHOD:\n            exception_class = UnknownMethodException\n        else:\n            exception_class = WebDriverException\n        if not value:\n            value = response['value']\n        if isinstance(value, str):\n            raise exception_class(value)\n        if message == \"\" and 'message' in value:\n            message = value['message']\n    \n        screen = None  # type: ignore[assignment]\n        if 'screen' in value:\n            screen = value['screen']\n    \n        stacktrace = None\n        st_value = value.get('stackTrace') or value.get('stacktrace')\n        if st_value:\n            if isinstance(st_value, str):\n                stacktrace = st_value.split('\\n')\n            else:\n                stacktrace = []\n                try:\n                    for frame in st_value:\n                        line = self._value_or_default(frame, 'lineNumber', '')\n                        file = self._value_or_default(frame, 'fileName', '<anonymous>')\n                        if line:\n                            file = \"%s:%s\" % (file, line)\n                        meth = self._value_or_default(frame, 'methodName', '<anonymous>')\n                        if 'className' in frame:\n                            meth = \"%s.%s\" % (frame['className'], meth)\n                        msg = \"    at %s (%s)\"\n                        msg = msg % (meth, file)\n                        stacktrace.append(msg)\n                except TypeError:\n                    pass\n        if exception_class == UnexpectedAlertPresentException:\n            alert_text = None\n            if 'data' in value:\n                alert_text = value['data'].get('text')\n            elif 'alert' in value:\n                alert_text = value['alert'].get('text')\n            raise exception_class(message, screen, stacktrace, alert_text)  # type: ignore[call-arg]  # mypy is not smart enough here\n>       raise exception_class(message, screen, stacktrace)\nE       selenium.common.exceptions.WebDriverException: Message: unknown error: Chrome failed to start: exited abnormally.\nE         (unknown error: DevToolsActivePort file doesn't exist)\nE         (The process started from chrome location /usr/bin/google-chrome is no longer running, so ChromeDriver is assuming that Chrome has crashed.)\nE       Stacktrace:\nE       #0 0x56466e658ad3 <unknown>\nE       #1 0x56466e3b8568 <unknown>\nE       #2 0x56466e3dbb37 <unknown>\nE       #3 0x56466e3d723a <unknown>\nE       #4 0x56466e4122ba <unknown>\nE       #5 0x56466e40c4e3 <unknown>\nE       #6 0x56466e3e1d1a <unknown>\nE       #7 0x56466e3e2e75 <unknown>\nE       #8 0x56466e686efd <unknown>\nE       #9 0x56466e6a019b <unknown>\nE       #10 0x56466e688c65 <unknown>\nE       #11 0x56466e6a0ec8 <unknown>\nE       #12 0x56466e67c360 <unknown>\nE       #13 0x56466e6bca68 <unknown>\nE       #14 0x56466e6bcbe8 <unknown>\nE       #15 0x56466e6d67fd <unknown>\nE       #16 0x7fe28fe92609 <unknown>\n\n/opt/hostedtoolcache/Python/3.10.4/x64/lib/python3.10/site-packages/selenium/webdriver/remote/errorhandler.py:247: WebDriverException",
  "flaky" : false,
  "newFailed" : false,
  "beforeStages" : [ {
    "name" : "web_setup",
    "time" : {
      "start" : 1649107303229,
      "stop" : 1649107303911,
      "duration" : 682
    },
    "status" : "broken",
    "statusMessage" : "selenium.common.exceptions.WebDriverException: Message: unknown error: Chrome failed to start: exited abnormally.\n  (unknown error: DevToolsActivePort file doesn't exist)\n  (The process started from chrome location /usr/bin/google-chrome is no longer running, so ChromeDriver is assuming that Chrome has crashed.)\nStacktrace:\n#0 0x56466e658ad3 <unknown>\n#1 0x56466e3b8568 <unknown>\n#2 0x56466e3dbb37 <unknown>\n#3 0x56466e3d723a <unknown>\n#4 0x56466e4122ba <unknown>\n#5 0x56466e40c4e3 <unknown>\n#6 0x56466e3e1d1a <unknown>\n#7 0x56466e3e2e75 <unknown>\n#8 0x56466e686efd <unknown>\n#9 0x56466e6a019b <unknown>\n#10 0x56466e688c65 <unknown>\n#11 0x56466e6a0ec8 <unknown>\n#12 0x56466e67c360 <unknown>\n#13 0x56466e6bca68 <unknown>\n#14 0x56466e6bcbe8 <unknown>\n#15 0x56466e6d67fd <unknown>\n#16 0x7fe28fe92609 <unknown>\n\n",
    "statusTrace" : "  File \"/opt/hostedtoolcache/Python/3.10.4/x64/lib/python3.10/site-packages/pluggy/_callers.py\", line 39, in _multicall\n    res = hook_impl.function(*args)\n  File \"/opt/hostedtoolcache/Python/3.10.4/x64/lib/python3.10/site-packages/_pytest/fixtures.py\", line 1126, in pytest_fixture_setup\n    result = call_fixture_func(fixturefunc, request, kwargs)\n  File \"/opt/hostedtoolcache/Python/3.10.4/x64/lib/python3.10/site-packages/_pytest/fixtures.py\", line 925, in call_fixture_func\n    fixture_result = next(generator)\n  File \"/home/runner/work/docker-selenium/docker-selenium/tests/conftest.py\", line 49, in web_setup\n    driver = DriverExtensions.get_browser_driver(browser, web_config)\n  File \"/home/runner/work/docker-selenium/docker-selenium/src/PracticeTests/helpers/driver.py\", line 19, in get_browser_driver\n    chrome_driver = webdriver.Chrome(\n  File \"/opt/hostedtoolcache/Python/3.10.4/x64/lib/python3.10/site-packages/selenium/webdriver/chrome/webdriver.py\", line 70, in __init__\n    super(WebDriver, self).__init__(DesiredCapabilities.CHROME['browserName'], \"goog\",\n  File \"/opt/hostedtoolcache/Python/3.10.4/x64/lib/python3.10/site-packages/selenium/webdriver/chromium/webdriver.py\", line 93, in __init__\n    RemoteWebDriver.__init__(\n  File \"/opt/hostedtoolcache/Python/3.10.4/x64/lib/python3.10/site-packages/selenium/webdriver/remote/webdriver.py\", line 268, in __init__\n    self.start_session(capabilities, browser_profile)\n  File \"/opt/hostedtoolcache/Python/3.10.4/x64/lib/python3.10/site-packages/selenium/webdriver/remote/webdriver.py\", line 359, in start_session\n    response = self.execute(Command.NEW_SESSION, parameters)\n  File \"/opt/hostedtoolcache/Python/3.10.4/x64/lib/python3.10/site-packages/selenium/webdriver/remote/webdriver.py\", line 424, in execute\n    self.error_handler.check_response(response)\n  File \"/opt/hostedtoolcache/Python/3.10.4/x64/lib/python3.10/site-packages/selenium/webdriver/remote/errorhandler.py\", line 247, in check_response\n    raise exception_class(message, screen, stacktrace)\n",
    "steps" : [ ],
    "attachments" : [ ],
    "parameters" : [ ],
    "stepsCount" : 0,
    "attachmentsCount" : 0,
    "shouldDisplayMessage" : true,
    "hasContent" : true
  }, {
    "name" : "browser",
    "time" : {
      "start" : 1649107303228,
      "stop" : 1649107303229,
      "duration" : 1
    },
    "status" : "passed",
    "steps" : [ ],
    "attachments" : [ ],
    "parameters" : [ ],
    "stepsCount" : 0,
    "attachmentsCount" : 0,
    "shouldDisplayMessage" : false,
    "hasContent" : false
  }, {
    "name" : "_session_faker",
    "time" : {
      "start" : 1649107300764,
      "stop" : 1649107300825,
      "duration" : 61
    },
    "status" : "passed",
    "steps" : [ ],
    "attachments" : [ ],
    "parameters" : [ ],
    "stepsCount" : 0,
    "attachmentsCount" : 0,
    "shouldDisplayMessage" : false,
    "hasContent" : false
  } ],
  "testStage" : {
    "status" : "broken",
    "statusMessage" : "selenium.common.exceptions.WebDriverException: Message: unknown error: Chrome failed to start: exited abnormally.\n  (unknown error: DevToolsActivePort file doesn't exist)\n  (The process started from chrome location /usr/bin/google-chrome is no longer running, so ChromeDriver is assuming that Chrome has crashed.)\nStacktrace:\n#0 0x56466e658ad3 <unknown>\n#1 0x56466e3b8568 <unknown>\n#2 0x56466e3dbb37 <unknown>\n#3 0x56466e3d723a <unknown>\n#4 0x56466e4122ba <unknown>\n#5 0x56466e40c4e3 <unknown>\n#6 0x56466e3e1d1a <unknown>\n#7 0x56466e3e2e75 <unknown>\n#8 0x56466e686efd <unknown>\n#9 0x56466e6a019b <unknown>\n#10 0x56466e688c65 <unknown>\n#11 0x56466e6a0ec8 <unknown>\n#12 0x56466e67c360 <unknown>\n#13 0x56466e6bca68 <unknown>\n#14 0x56466e6bcbe8 <unknown>\n#15 0x56466e6d67fd <unknown>\n#16 0x7fe28fe92609 <unknown>",
    "statusTrace" : "request = <SubRequest 'web_setup' for <Function test_homepage_title12>>\nbrowser = 'chrome'\n\n    @pytest.fixture\n    def web_setup(request, browser):\n        host = request.config.getoption(\"--host\")\n        port = request.config.getoption(\"--port\")\n        caps = request.config.getoption(\"--browser\")\n        if request.config.getoption(\"--remote\") != \"False\":\n            driver = webdriver.Remote(\n                f\"http://{host}:{port}/wd/hub\",\n                desired_capabilities=DriverExtensions.get_remote_browser(caps),\n            )\n        else:\n>           driver = DriverExtensions.get_browser_driver(browser, web_config)\n\ntests/conftest.py:49: \n_ _ _ _ _ _ _ _ _ _ _ _ _ _ _ _ _ _ _ _ _ _ _ _ _ _ _ _ _ _ _ _ _ _ _ _ _ _ _ _ \nsrc/PracticeTests/helpers/driver.py:19: in get_browser_driver\n    chrome_driver = webdriver.Chrome(\n/opt/hostedtoolcache/Python/3.10.4/x64/lib/python3.10/site-packages/selenium/webdriver/chrome/webdriver.py:70: in __init__\n    super(WebDriver, self).__init__(DesiredCapabilities.CHROME['browserName'], \"goog\",\n/opt/hostedtoolcache/Python/3.10.4/x64/lib/python3.10/site-packages/selenium/webdriver/chromium/webdriver.py:93: in __init__\n    RemoteWebDriver.__init__(\n/opt/hostedtoolcache/Python/3.10.4/x64/lib/python3.10/site-packages/selenium/webdriver/remote/webdriver.py:268: in __init__\n    self.start_session(capabilities, browser_profile)\n/opt/hostedtoolcache/Python/3.10.4/x64/lib/python3.10/site-packages/selenium/webdriver/remote/webdriver.py:359: in start_session\n    response = self.execute(Command.NEW_SESSION, parameters)\n/opt/hostedtoolcache/Python/3.10.4/x64/lib/python3.10/site-packages/selenium/webdriver/remote/webdriver.py:424: in execute\n    self.error_handler.check_response(response)\n_ _ _ _ _ _ _ _ _ _ _ _ _ _ _ _ _ _ _ _ _ _ _ _ _ _ _ _ _ _ _ _ _ _ _ _ _ _ _ _ \n\nself = <selenium.webdriver.remote.errorhandler.ErrorHandler object at 0x7f4cf15923e0>\nresponse = {'status': 500, 'value': '{\"value\":{\"error\":\"unknown error\",\"message\":\"unknown error: Chrome failed to start: exited a...\\\\n#14 0x56466e6bcbe8 \\\\u003Cunknown>\\\\n#15 0x56466e6d67fd \\\\u003Cunknown>\\\\n#16 0x7fe28fe92609 \\\\u003Cunknown>\\\\n\"}}'}\n\n    def check_response(self, response: Dict[str, Any]) -> None:\n        \"\"\"\n        Checks that a JSON response from the WebDriver does not have an error.\n    \n        :Args:\n         - response - The JSON response from the WebDriver server as a dictionary\n           object.\n    \n        :Raises: If the response contains an error message.\n        \"\"\"\n        status = response.get('status', None)\n        if not status or status == ErrorCode.SUCCESS:\n            return\n        value = None\n        message = response.get(\"message\", \"\")\n        screen: str = response.get(\"screen\", \"\")\n        stacktrace = None\n        if isinstance(status, int):\n            value_json = response.get('value', None)\n            if value_json and isinstance(value_json, str):\n                import json\n                try:\n                    value = json.loads(value_json)\n                    if len(value.keys()) == 1:\n                        value = value['value']\n                    status = value.get('error', None)\n                    if not status:\n                        status = value.get(\"status\", ErrorCode.UNKNOWN_ERROR)\n                        message = value.get(\"value\") or value.get(\"message\")\n                        if not isinstance(message, str):\n                            value = message\n                            message = message.get('message')\n                    else:\n                        message = value.get('message', None)\n                except ValueError:\n                    pass\n    \n        exception_class: Type[WebDriverException]\n        if status in ErrorCode.NO_SUCH_ELEMENT:\n            exception_class = NoSuchElementException\n        elif status in ErrorCode.NO_SUCH_FRAME:\n            exception_class = NoSuchFrameException\n        elif status in ErrorCode.NO_SUCH_SHADOW_ROOT:\n            exception_class = NoSuchShadowRootException\n        elif status in ErrorCode.NO_SUCH_WINDOW:\n            exception_class = NoSuchWindowException\n        elif status in ErrorCode.STALE_ELEMENT_REFERENCE:\n            exception_class = StaleElementReferenceException\n        elif status in ErrorCode.ELEMENT_NOT_VISIBLE:\n            exception_class = ElementNotVisibleException\n        elif status in ErrorCode.INVALID_ELEMENT_STATE:\n            exception_class = InvalidElementStateException\n        elif status in ErrorCode.INVALID_SELECTOR \\\n                or status in ErrorCode.INVALID_XPATH_SELECTOR \\\n                or status in ErrorCode.INVALID_XPATH_SELECTOR_RETURN_TYPER:\n            exception_class = InvalidSelectorException\n        elif status in ErrorCode.ELEMENT_IS_NOT_SELECTABLE:\n            exception_class = ElementNotSelectableException\n        elif status in ErrorCode.ELEMENT_NOT_INTERACTABLE:\n            exception_class = ElementNotInteractableException\n        elif status in ErrorCode.INVALID_COOKIE_DOMAIN:\n            exception_class = InvalidCookieDomainException\n        elif status in ErrorCode.UNABLE_TO_SET_COOKIE:\n            exception_class = UnableToSetCookieException\n        elif status in ErrorCode.TIMEOUT:\n            exception_class = TimeoutException\n        elif status in ErrorCode.SCRIPT_TIMEOUT:\n            exception_class = TimeoutException\n        elif status in ErrorCode.UNKNOWN_ERROR:\n            exception_class = WebDriverException\n        elif status in ErrorCode.UNEXPECTED_ALERT_OPEN:\n            exception_class = UnexpectedAlertPresentException\n        elif status in ErrorCode.NO_ALERT_OPEN:\n            exception_class = NoAlertPresentException\n        elif status in ErrorCode.IME_NOT_AVAILABLE:\n            exception_class = ImeNotAvailableException\n        elif status in ErrorCode.IME_ENGINE_ACTIVATION_FAILED:\n            exception_class = ImeActivationFailedException\n        elif status in ErrorCode.MOVE_TARGET_OUT_OF_BOUNDS:\n            exception_class = MoveTargetOutOfBoundsException\n        elif status in ErrorCode.JAVASCRIPT_ERROR:\n            exception_class = JavascriptException\n        elif status in ErrorCode.SESSION_NOT_CREATED:\n            exception_class = SessionNotCreatedException\n        elif status in ErrorCode.INVALID_ARGUMENT:\n            exception_class = InvalidArgumentException\n        elif status in ErrorCode.NO_SUCH_COOKIE:\n            exception_class = NoSuchCookieException\n        elif status in ErrorCode.UNABLE_TO_CAPTURE_SCREEN:\n            exception_class = ScreenshotException\n        elif status in ErrorCode.ELEMENT_CLICK_INTERCEPTED:\n            exception_class = ElementClickInterceptedException\n        elif status in ErrorCode.INSECURE_CERTIFICATE:\n            exception_class = InsecureCertificateException\n        elif status in ErrorCode.INVALID_COORDINATES:\n            exception_class = InvalidCoordinatesException\n        elif status in ErrorCode.INVALID_SESSION_ID:\n            exception_class = InvalidSessionIdException\n        elif status in ErrorCode.UNKNOWN_METHOD:\n            exception_class = UnknownMethodException\n        else:\n            exception_class = WebDriverException\n        if not value:\n            value = response['value']\n        if isinstance(value, str):\n            raise exception_class(value)\n        if message == \"\" and 'message' in value:\n            message = value['message']\n    \n        screen = None  # type: ignore[assignment]\n        if 'screen' in value:\n            screen = value['screen']\n    \n        stacktrace = None\n        st_value = value.get('stackTrace') or value.get('stacktrace')\n        if st_value:\n            if isinstance(st_value, str):\n                stacktrace = st_value.split('\\n')\n            else:\n                stacktrace = []\n                try:\n                    for frame in st_value:\n                        line = self._value_or_default(frame, 'lineNumber', '')\n                        file = self._value_or_default(frame, 'fileName', '<anonymous>')\n                        if line:\n                            file = \"%s:%s\" % (file, line)\n                        meth = self._value_or_default(frame, 'methodName', '<anonymous>')\n                        if 'className' in frame:\n                            meth = \"%s.%s\" % (frame['className'], meth)\n                        msg = \"    at %s (%s)\"\n                        msg = msg % (meth, file)\n                        stacktrace.append(msg)\n                except TypeError:\n                    pass\n        if exception_class == UnexpectedAlertPresentException:\n            alert_text = None\n            if 'data' in value:\n                alert_text = value['data'].get('text')\n            elif 'alert' in value:\n                alert_text = value['alert'].get('text')\n            raise exception_class(message, screen, stacktrace, alert_text)  # type: ignore[call-arg]  # mypy is not smart enough here\n>       raise exception_class(message, screen, stacktrace)\nE       selenium.common.exceptions.WebDriverException: Message: unknown error: Chrome failed to start: exited abnormally.\nE         (unknown error: DevToolsActivePort file doesn't exist)\nE         (The process started from chrome location /usr/bin/google-chrome is no longer running, so ChromeDriver is assuming that Chrome has crashed.)\nE       Stacktrace:\nE       #0 0x56466e658ad3 <unknown>\nE       #1 0x56466e3b8568 <unknown>\nE       #2 0x56466e3dbb37 <unknown>\nE       #3 0x56466e3d723a <unknown>\nE       #4 0x56466e4122ba <unknown>\nE       #5 0x56466e40c4e3 <unknown>\nE       #6 0x56466e3e1d1a <unknown>\nE       #7 0x56466e3e2e75 <unknown>\nE       #8 0x56466e686efd <unknown>\nE       #9 0x56466e6a019b <unknown>\nE       #10 0x56466e688c65 <unknown>\nE       #11 0x56466e6a0ec8 <unknown>\nE       #12 0x56466e67c360 <unknown>\nE       #13 0x56466e6bca68 <unknown>\nE       #14 0x56466e6bcbe8 <unknown>\nE       #15 0x56466e6d67fd <unknown>\nE       #16 0x7fe28fe92609 <unknown>\n\n/opt/hostedtoolcache/Python/3.10.4/x64/lib/python3.10/site-packages/selenium/webdriver/remote/errorhandler.py:247: WebDriverException",
    "steps" : [ ],
    "attachments" : [ {
      "uid" : "fe71541638735593",
      "name" : "log",
      "source" : "fe71541638735593.txt",
      "type" : "text/plain",
      "size" : 366
    }, {
      "uid" : "b315b29120916d88",
      "name" : "stderr",
      "source" : "b315b29120916d88.txt",
      "type" : "text/plain",
      "size" : 237
    } ],
    "parameters" : [ ],
    "stepsCount" : 0,
    "attachmentsCount" : 2,
    "shouldDisplayMessage" : true,
    "hasContent" : true
  },
  "afterStages" : [ ],
  "labels" : [ {
    "name" : "tag",
    "value" : "@pytest.mark.usefixtures('web_setup')"
  }, {
    "name" : "parentSuite",
    "value" : "tests.ui"
  }, {
    "name" : "suite",
    "value" : "test_search"
  }, {
    "name" : "subSuite",
    "value" : "TestWeb"
  }, {
    "name" : "host",
    "value" : "fv-az397-767"
  }, {
    "name" : "thread",
    "value" : "3481-MainThread"
  }, {
    "name" : "framework",
    "value" : "pytest"
  }, {
    "name" : "language",
    "value" : "cpython3"
  }, {
    "name" : "package",
    "value" : "tests.ui.test_search"
  }, {
    "name" : "resultFormat",
    "value" : "allure2"
  } ],
  "parameters" : [ ],
  "links" : [ ],
  "hidden" : false,
  "retry" : false,
  "extra" : {
    "severity" : "normal",
    "retries" : [ ],
    "categories" : [ {
      "name" : "Test defects",
      "matchedStatuses" : [ ],
      "flaky" : false
    } ],
    "history" : {
      "statistic" : {
        "failed" : 0,
        "broken" : 3,
        "skipped" : 0,
        "passed" : 4,
        "unknown" : 0,
        "total" : 7
      },
      "items" : [ {
        "uid" : "11fd7c29fdaadffd",
        "reportUrl" : "https://rupu1906.github.io/docker-selenium/7//#testresult/11fd7c29fdaadffd",
        "status" : "passed",
        "time" : {
          "start" : 1649106455329,
          "stop" : 1649106456115,
          "duration" : 786
        }
      }, {
        "uid" : "a64cee9db9906ff8",
        "reportUrl" : "https://rupu1906.github.io/docker-selenium/6//#testresult/a64cee9db9906ff8",
        "status" : "passed",
        "time" : {
          "start" : 1649106440114,
          "stop" : 1649106440812,
          "duration" : 698
        }
      }, {
        "uid" : "c097bb6db4eafbc5",
        "reportUrl" : "https://rupu1906.github.io/docker-selenium/5//#testresult/c097bb6db4eafbc5",
        "status" : "passed",
        "time" : {
          "start" : 1649106387398,
          "stop" : 1649106388604,
          "duration" : 1206
        }
      }, {
        "uid" : "89b2b62a7549ec0a",
        "reportUrl" : "https://rupu1906.github.io/docker-selenium/4//#testresult/89b2b62a7549ec0a",
        "status" : "passed",
        "time" : {
          "start" : 1649105937397,
          "stop" : 1649105940554,
          "duration" : 3157
        }
      }, {
        "uid" : "5a9c3516514d41c6",
        "reportUrl" : "https://rupu1906.github.io/docker-selenium/3//#testresult/5a9c3516514d41c6",
        "status" : "broken",
        "statusDetails" : "NameError: name 'webdriver' is not defined",
        "time" : {
          "start" : 1649105743277,
          "stop" : 1649105743277,
          "duration" : 0
        }
      }, {
        "uid" : "26d52a3fe7e0b272",
        "reportUrl" : "https://rupu1906.github.io/docker-selenium/2//#testresult/26d52a3fe7e0b272",
        "status" : "broken",
        "statusDetails" : "ValueError: no option named '--host'",
        "time" : {
          "start" : 1649105573008,
          "stop" : 1649105573008,
          "duration" : 0
        }
      } ]
    },
    "tags" : [ "@pytest.mark.usefixtures('web_setup')" ]
  },
  "source" : "c1be31e5e765426.json",
  "parameterValues" : [ ]
}