{
  "uid" : "12fa87c910577c0c",
  "name" : "Home page - smoke test",
  "fullName" : "tests.ui.test_search.TestWeb#test_homepage_title1",
  "historyId" : "0e03a480debcb54dd0ad4bed14f612d2",
  "time" : {
    "start" : 1650645600437,
    "stop" : 1650645600437,
    "duration" : 0
  },
  "status" : "broken",
  "statusMessage" : "selenium.common.exceptions.SessionNotCreatedException: Message: Could not start a new session. New session request timed out\nBuild info: version: '4.1.2', revision: '9a5a329c5a'\nSystem info: host: '77e49ab6e68e', ip: '172.18.0.2', os.name: 'Linux', os.arch: 'amd64', os.version: '5.13.0-1021-azure', java.version: '11.0.13'\nDriver info: driver.version: unknown\nStacktrace:\n    at org.openqa.selenium.grid.sessionqueue.local.LocalNewSessionQueue.addToQueue (LocalNewSessionQueue.java:200)\n    at org.openqa.selenium.grid.sessionqueue.NewSessionQueue.lambda$new$0 (NewSessionQueue.java:68)\n    at org.openqa.selenium.remote.http.Route$TemplatizedRoute.handle (Route.java:192)\n    at org.openqa.selenium.remote.http.Route.execute (Route.java:68)\n    at org.openqa.selenium.remote.http.Route$CombinedRoute.handle (Route.java:336)\n    at org.openqa.selenium.remote.http.Route.execute (Route.java:68)\n    at org.openqa.selenium.grid.sessionqueue.NewSessionQueue.execute (NewSessionQueue.java:120)\n    at org.openqa.selenium.remote.tracing.SpanWrappedHttpHandler.execute (SpanWrappedHttpHandler.java:86)\n    at org.openqa.selenium.remote.http.Filter$1.execute (Filter.java:64)\n    at org.openqa.selenium.remote.http.Route$CombinedRoute.handle (Route.java:336)\n    at org.openqa.selenium.remote.http.Route.execute (Route.java:68)\n    at org.openqa.selenium.grid.router.Router.execute (Router.java:91)\n    at org.openqa.selenium.grid.web.EnsureSpecCompliantResponseHeaders.lambda$apply$0 (EnsureSpecCompliantResponseHeaders.java:34)\n    at org.openqa.selenium.remote.http.Filter$1.execute (Filter.java:64)\n    at org.openqa.selenium.remote.http.Route$CombinedRoute.handle (Route.java:336)\n    at org.openqa.selenium.remote.http.Route.execute (Route.java:68)\n    at org.openqa.selenium.remote.http.Route$NestedRoute.handle (Route.java:270)\n    at org.openqa.selenium.remote.http.Route.execute (Route.java:68)\n    at org.openqa.selenium.remote.http.Route$CombinedRoute.handle (Route.java:336)\n    at org.openqa.selenium.remote.http.Route.execute (Route.java:68)\n    at org.openqa.selenium.remote.http.Route$CombinedRoute.handle (Route.java:336)\n    at org.openqa.selenium.remote.http.Route.execute (Route.java:68)\n    at org.openqa.selenium.remote.AddWebDriverSpecHeaders.lambda$apply$0 (AddWebDriverSpecHeaders.java:35)\n    at org.openqa.selenium.remote.ErrorFilter.lambda$apply$0 (ErrorFilter.java:44)\n    at org.openqa.selenium.remote.http.Filter$1.execute (Filter.java:64)\n    at org.openqa.selenium.remote.ErrorFilter.lambda$apply$0 (ErrorFilter.java:44)\n    at org.openqa.selenium.remote.http.Filter$1.execute (Filter.java:64)\n    at org.openqa.selenium.netty.server.SeleniumHandler.lambda$channelRead0$0 (SeleniumHandler.java:44)\n    at java.util.concurrent.Executors$RunnableAdapter.call (Executors.java:515)\n    at java.util.concurrent.FutureTask.run (FutureTask.java:264)\n    at java.util.concurrent.ThreadPoolExecutor.runWorker (ThreadPoolExecutor.java:1128)\n    at java.util.concurrent.ThreadPoolExecutor$Worker.run (ThreadPoolExecutor.java:628)\n    at java.lang.Thread.run (Thread.java:829)",
  "statusTrace" : "request = <SubRequest 'web_setup' for <Function test_homepage_title1>>\nbrowser = 'chrome'\n\n    @pytest.fixture\n    def web_setup(request, browser):\n        host = request.config.getoption(\"--host\")\n        port = request.config.getoption(\"--port\")\n        caps = request.config.getoption(\"--browser\")\n        if request.config.getoption(\"--remote\") != \"False\":\n>           driver = webdriver.Remote(\n                f\"http://{host}:{port}/wd/hub\",\n                desired_capabilities=DriverExtensions.get_remote_browser(caps),\n            )\n\ntests/conftest.py:44: \n_ _ _ _ _ _ _ _ _ _ _ _ _ _ _ _ _ _ _ _ _ _ _ _ _ _ _ _ _ _ _ _ _ _ _ _ _ _ _ _ \n/opt/hostedtoolcache/Python/3.10.4/x64/lib/python3.10/site-packages/selenium/webdriver/remote/webdriver.py:268: in __init__\n    self.start_session(capabilities, browser_profile)\n/opt/hostedtoolcache/Python/3.10.4/x64/lib/python3.10/site-packages/selenium/webdriver/remote/webdriver.py:359: in start_session\n    response = self.execute(Command.NEW_SESSION, parameters)\n/opt/hostedtoolcache/Python/3.10.4/x64/lib/python3.10/site-packages/selenium/webdriver/remote/webdriver.py:424: in execute\n    self.error_handler.check_response(response)\n_ _ _ _ _ _ _ _ _ _ _ _ _ _ _ _ _ _ _ _ _ _ _ _ _ _ _ _ _ _ _ _ _ _ _ _ _ _ _ _ \n\nself = <selenium.webdriver.remote.errorhandler.ErrorHandler object at 0x7f3efd05b2b0>\nresponse = {'status': 500, 'value': '{\\n  \"value\": {\\n    \"error\": \"session not created\",\\n    \"message\": \"Could not start a new ...\"className\": \"java.lang.Thread\",\\n        \"lineNumber\": 829,\\n        \"classLoaderName\": null\\n      }\\n    ]\\n  }\\n}'}\n\n    def check_response(self, response: Dict[str, Any]) -> None:\n        \"\"\"\n        Checks that a JSON response from the WebDriver does not have an error.\n    \n        :Args:\n         - response - The JSON response from the WebDriver server as a dictionary\n           object.\n    \n        :Raises: If the response contains an error message.\n        \"\"\"\n        status = response.get('status', None)\n        if not status or status == ErrorCode.SUCCESS:\n            return\n        value = None\n        message = response.get(\"message\", \"\")\n        screen: str = response.get(\"screen\", \"\")\n        stacktrace = None\n        if isinstance(status, int):\n            value_json = response.get('value', None)\n            if value_json and isinstance(value_json, str):\n                import json\n                try:\n                    value = json.loads(value_json)\n                    if len(value.keys()) == 1:\n                        value = value['value']\n                    status = value.get('error', None)\n                    if not status:\n                        status = value.get(\"status\", ErrorCode.UNKNOWN_ERROR)\n                        message = value.get(\"value\") or value.get(\"message\")\n                        if not isinstance(message, str):\n                            value = message\n                            message = message.get('message')\n                    else:\n                        message = value.get('message', None)\n                except ValueError:\n                    pass\n    \n        exception_class: Type[WebDriverException]\n        if status in ErrorCode.NO_SUCH_ELEMENT:\n            exception_class = NoSuchElementException\n        elif status in ErrorCode.NO_SUCH_FRAME:\n            exception_class = NoSuchFrameException\n        elif status in ErrorCode.NO_SUCH_SHADOW_ROOT:\n            exception_class = NoSuchShadowRootException\n        elif status in ErrorCode.NO_SUCH_WINDOW:\n            exception_class = NoSuchWindowException\n        elif status in ErrorCode.STALE_ELEMENT_REFERENCE:\n            exception_class = StaleElementReferenceException\n        elif status in ErrorCode.ELEMENT_NOT_VISIBLE:\n            exception_class = ElementNotVisibleException\n        elif status in ErrorCode.INVALID_ELEMENT_STATE:\n            exception_class = InvalidElementStateException\n        elif status in ErrorCode.INVALID_SELECTOR \\\n                or status in ErrorCode.INVALID_XPATH_SELECTOR \\\n                or status in ErrorCode.INVALID_XPATH_SELECTOR_RETURN_TYPER:\n            exception_class = InvalidSelectorException\n        elif status in ErrorCode.ELEMENT_IS_NOT_SELECTABLE:\n            exception_class = ElementNotSelectableException\n        elif status in ErrorCode.ELEMENT_NOT_INTERACTABLE:\n            exception_class = ElementNotInteractableException\n        elif status in ErrorCode.INVALID_COOKIE_DOMAIN:\n            exception_class = InvalidCookieDomainException\n        elif status in ErrorCode.UNABLE_TO_SET_COOKIE:\n            exception_class = UnableToSetCookieException\n        elif status in ErrorCode.TIMEOUT:\n            exception_class = TimeoutException\n        elif status in ErrorCode.SCRIPT_TIMEOUT:\n            exception_class = TimeoutException\n        elif status in ErrorCode.UNKNOWN_ERROR:\n            exception_class = WebDriverException\n        elif status in ErrorCode.UNEXPECTED_ALERT_OPEN:\n            exception_class = UnexpectedAlertPresentException\n        elif status in ErrorCode.NO_ALERT_OPEN:\n            exception_class = NoAlertPresentException\n        elif status in ErrorCode.IME_NOT_AVAILABLE:\n            exception_class = ImeNotAvailableException\n        elif status in ErrorCode.IME_ENGINE_ACTIVATION_FAILED:\n            exception_class = ImeActivationFailedException\n        elif status in ErrorCode.MOVE_TARGET_OUT_OF_BOUNDS:\n            exception_class = MoveTargetOutOfBoundsException\n        elif status in ErrorCode.JAVASCRIPT_ERROR:\n            exception_class = JavascriptException\n        elif status in ErrorCode.SESSION_NOT_CREATED:\n            exception_class = SessionNotCreatedException\n        elif status in ErrorCode.INVALID_ARGUMENT:\n            exception_class = InvalidArgumentException\n        elif status in ErrorCode.NO_SUCH_COOKIE:\n            exception_class = NoSuchCookieException\n        elif status in ErrorCode.UNABLE_TO_CAPTURE_SCREEN:\n            exception_class = ScreenshotException\n        elif status in ErrorCode.ELEMENT_CLICK_INTERCEPTED:\n            exception_class = ElementClickInterceptedException\n        elif status in ErrorCode.INSECURE_CERTIFICATE:\n            exception_class = InsecureCertificateException\n        elif status in ErrorCode.INVALID_COORDINATES:\n            exception_class = InvalidCoordinatesException\n        elif status in ErrorCode.INVALID_SESSION_ID:\n            exception_class = InvalidSessionIdException\n        elif status in ErrorCode.UNKNOWN_METHOD:\n            exception_class = UnknownMethodException\n        else:\n            exception_class = WebDriverException\n        if not value:\n            value = response['value']\n        if isinstance(value, str):\n            raise exception_class(value)\n        if message == \"\" and 'message' in value:\n            message = value['message']\n    \n        screen = None  # type: ignore[assignment]\n        if 'screen' in value:\n            screen = value['screen']\n    \n        stacktrace = None\n        st_value = value.get('stackTrace') or value.get('stacktrace')\n        if st_value:\n            if isinstance(st_value, str):\n                stacktrace = st_value.split('\\n')\n            else:\n                stacktrace = []\n                try:\n                    for frame in st_value:\n                        line = self._value_or_default(frame, 'lineNumber', '')\n                        file = self._value_or_default(frame, 'fileName', '<anonymous>')\n                        if line:\n                            file = \"%s:%s\" % (file, line)\n                        meth = self._value_or_default(frame, 'methodName', '<anonymous>')\n                        if 'className' in frame:\n                            meth = \"%s.%s\" % (frame['className'], meth)\n                        msg = \"    at %s (%s)\"\n                        msg = msg % (meth, file)\n                        stacktrace.append(msg)\n                except TypeError:\n                    pass\n        if exception_class == UnexpectedAlertPresentException:\n            alert_text = None\n            if 'data' in value:\n                alert_text = value['data'].get('text')\n            elif 'alert' in value:\n                alert_text = value['alert'].get('text')\n            raise exception_class(message, screen, stacktrace, alert_text)  # type: ignore[call-arg]  # mypy is not smart enough here\n>       raise exception_class(message, screen, stacktrace)\nE       selenium.common.exceptions.SessionNotCreatedException: Message: Could not start a new session. New session request timed out\nE       Build info: version: '4.1.2', revision: '9a5a329c5a'\nE       System info: host: '77e49ab6e68e', ip: '172.18.0.2', os.name: 'Linux', os.arch: 'amd64', os.version: '5.13.0-1021-azure', java.version: '11.0.13'\nE       Driver info: driver.version: unknown\nE       Stacktrace:\nE           at org.openqa.selenium.grid.sessionqueue.local.LocalNewSessionQueue.addToQueue (LocalNewSessionQueue.java:200)\nE           at org.openqa.selenium.grid.sessionqueue.NewSessionQueue.lambda$new$0 (NewSessionQueue.java:68)\nE           at org.openqa.selenium.remote.http.Route$TemplatizedRoute.handle (Route.java:192)\nE           at org.openqa.selenium.remote.http.Route.execute (Route.java:68)\nE           at org.openqa.selenium.remote.http.Route$CombinedRoute.handle (Route.java:336)\nE           at org.openqa.selenium.remote.http.Route.execute (Route.java:68)\nE           at org.openqa.selenium.grid.sessionqueue.NewSessionQueue.execute (NewSessionQueue.java:120)\nE           at org.openqa.selenium.remote.tracing.SpanWrappedHttpHandler.execute (SpanWrappedHttpHandler.java:86)\nE           at org.openqa.selenium.remote.http.Filter$1.execute (Filter.java:64)\nE           at org.openqa.selenium.remote.http.Route$CombinedRoute.handle (Route.java:336)\nE           at org.openqa.selenium.remote.http.Route.execute (Route.java:68)\nE           at org.openqa.selenium.grid.router.Router.execute (Router.java:91)\nE           at org.openqa.selenium.grid.web.EnsureSpecCompliantResponseHeaders.lambda$apply$0 (EnsureSpecCompliantResponseHeaders.java:34)\nE           at org.openqa.selenium.remote.http.Filter$1.execute (Filter.java:64)\nE           at org.openqa.selenium.remote.http.Route$CombinedRoute.handle (Route.java:336)\nE           at org.openqa.selenium.remote.http.Route.execute (Route.java:68)\nE           at org.openqa.selenium.remote.http.Route$NestedRoute.handle (Route.java:270)\nE           at org.openqa.selenium.remote.http.Route.execute (Route.java:68)\nE           at org.openqa.selenium.remote.http.Route$CombinedRoute.handle (Route.java:336)\nE           at org.openqa.selenium.remote.http.Route.execute (Route.java:68)\nE           at org.openqa.selenium.remote.http.Route$CombinedRoute.handle (Route.java:336)\nE           at org.openqa.selenium.remote.http.Route.execute (Route.java:68)\nE           at org.openqa.selenium.remote.AddWebDriverSpecHeaders.lambda$apply$0 (AddWebDriverSpecHeaders.java:35)\nE           at org.openqa.selenium.remote.ErrorFilter.lambda$apply$0 (ErrorFilter.java:44)\nE           at org.openqa.selenium.remote.http.Filter$1.execute (Filter.java:64)\nE           at org.openqa.selenium.remote.ErrorFilter.lambda$apply$0 (ErrorFilter.java:44)\nE           at org.openqa.selenium.remote.http.Filter$1.execute (Filter.java:64)\nE           at org.openqa.selenium.netty.server.SeleniumHandler.lambda$channelRead0$0 (SeleniumHandler.java:44)\nE           at java.util.concurrent.Executors$RunnableAdapter.call (Executors.java:515)\nE           at java.util.concurrent.FutureTask.run (FutureTask.java:264)\nE           at java.util.concurrent.ThreadPoolExecutor.runWorker (ThreadPoolExecutor.java:1128)\nE           at java.util.concurrent.ThreadPoolExecutor$Worker.run (ThreadPoolExecutor.java:628)\nE           at java.lang.Thread.run (Thread.java:829)\n\n/opt/hostedtoolcache/Python/3.10.4/x64/lib/python3.10/site-packages/selenium/webdriver/remote/errorhandler.py:247: SessionNotCreatedException",
  "flaky" : false,
  "newFailed" : false,
  "beforeStages" : [ {
    "name" : "browser",
    "time" : {
      "start" : 1650645600437,
      "stop" : 1650645600437,
      "duration" : 0
    },
    "status" : "passed",
    "steps" : [ ],
    "attachments" : [ ],
    "parameters" : [ ],
    "stepsCount" : 0,
    "attachmentsCount" : 0,
    "shouldDisplayMessage" : false,
    "hasContent" : false
  }, {
    "name" : "web_setup",
    "time" : {
      "start" : 1650645600437,
      "stop" : 1650645900459,
      "duration" : 300022
    },
    "status" : "broken",
    "statusMessage" : "selenium.common.exceptions.SessionNotCreatedException: Message: Could not start a new session. New session request timed out\nBuild info: version: '4.1.2', revision: '9a5a329c5a'\nSystem info: host: '77e49ab6e68e', ip: '172.18.0.2', os.name: 'Linux', os.arch: 'amd64', os.version: '5.13.0-1021-azure', java.version: '11.0.13'\nDriver info: driver.version: unknown\nStacktrace:\n    at org.openqa.selenium.grid.sessionqueue.local.LocalNewSessionQueue.addToQueue (LocalNewSessionQueue.java:200)\n    at org.openqa.selenium.grid.sessionqueue.NewSessionQueue.lambda$new$0 (NewSessionQueue.java:68)\n    at org.openqa.selenium.remote.http.Route$TemplatizedRoute.handle (Route.java:192)\n    at org.openqa.selenium.remote.http.Route.execute (Route.java:68)\n    at org.openqa.selenium.remote.http.Route$CombinedRoute.handle (Route.java:336)\n    at org.openqa.selenium.remote.http.Route.execute (Route.java:68)\n    at org.openqa.selenium.grid.sessionqueue.NewSessionQueue.execute (NewSessionQueue.java:120)\n    at org.openqa.selenium.remote.tracing.SpanWrappedHttpHandler.execute (SpanWrappedHttpHandler.java:86)\n    at org.openqa.selenium.remote.http.Filter$1.execute (Filter.java:64)\n    at org.openqa.selenium.remote.http.Route$CombinedRoute.handle (Route.java:336)\n    at org.openqa.selenium.remote.http.Route.execute (Route.java:68)\n    at org.openqa.selenium.grid.router.Router.execute (Router.java:91)\n    at org.openqa.selenium.grid.web.EnsureSpecCompliantResponseHeaders.lambda$apply$0 (EnsureSpecCompliantResponseHeaders.java:34)\n    at org.openqa.selenium.remote.http.Filter$1.execute (Filter.java:64)\n    at org.openqa.selenium.remote.http.Route$CombinedRoute.handle (Route.java:336)\n    at org.openqa.selenium.remote.http.Route.execute (Route.java:68)\n    at org.openqa.selenium.remote.http.Route$NestedRoute.handle (Route.java:270)\n    at org.openqa.selenium.remote.http.Route.execute (Route.java:68)\n    at org.openqa.selenium.remote.http.Route$CombinedRoute.handle (Route.java:336)\n    at org.openqa.selenium.remote.http.Route.execute (Route.java:68)\n    at org.openqa.selenium.remote.http.Route$CombinedRoute.handle (Route.java:336)\n    at org.openqa.selenium.remote.http.Route.execute (Route.java:68)\n    at org.openqa.selenium.remote.AddWebDriverSpecHeaders.lambda$apply$0 (AddWebDriverSpecHeaders.java:35)\n    at org.openqa.selenium.remote.ErrorFilter.lambda$apply$0 (ErrorFilter.java:44)\n    at org.openqa.selenium.remote.http.Filter$1.execute (Filter.java:64)\n    at org.openqa.selenium.remote.ErrorFilter.lambda$apply$0 (ErrorFilter.java:44)\n    at org.openqa.selenium.remote.http.Filter$1.execute (Filter.java:64)\n    at org.openqa.selenium.netty.server.SeleniumHandler.lambda$channelRead0$0 (SeleniumHandler.java:44)\n    at java.util.concurrent.Executors$RunnableAdapter.call (Executors.java:515)\n    at java.util.concurrent.FutureTask.run (FutureTask.java:264)\n    at java.util.concurrent.ThreadPoolExecutor.runWorker (ThreadPoolExecutor.java:1128)\n    at java.util.concurrent.ThreadPoolExecutor$Worker.run (ThreadPoolExecutor.java:628)\n    at java.lang.Thread.run (Thread.java:829)\n",
    "statusTrace" : "  File \"/opt/hostedtoolcache/Python/3.10.4/x64/lib/python3.10/site-packages/pluggy/_callers.py\", line 39, in _multicall\n    res = hook_impl.function(*args)\n  File \"/opt/hostedtoolcache/Python/3.10.4/x64/lib/python3.10/site-packages/_pytest/fixtures.py\", line 1126, in pytest_fixture_setup\n    result = call_fixture_func(fixturefunc, request, kwargs)\n  File \"/opt/hostedtoolcache/Python/3.10.4/x64/lib/python3.10/site-packages/_pytest/fixtures.py\", line 925, in call_fixture_func\n    fixture_result = next(generator)\n  File \"/home/runner/work/docker-selenium/docker-selenium/tests/conftest.py\", line 44, in web_setup\n    driver = webdriver.Remote(\n  File \"/opt/hostedtoolcache/Python/3.10.4/x64/lib/python3.10/site-packages/selenium/webdriver/remote/webdriver.py\", line 268, in __init__\n    self.start_session(capabilities, browser_profile)\n  File \"/opt/hostedtoolcache/Python/3.10.4/x64/lib/python3.10/site-packages/selenium/webdriver/remote/webdriver.py\", line 359, in start_session\n    response = self.execute(Command.NEW_SESSION, parameters)\n  File \"/opt/hostedtoolcache/Python/3.10.4/x64/lib/python3.10/site-packages/selenium/webdriver/remote/webdriver.py\", line 424, in execute\n    self.error_handler.check_response(response)\n  File \"/opt/hostedtoolcache/Python/3.10.4/x64/lib/python3.10/site-packages/selenium/webdriver/remote/errorhandler.py\", line 247, in check_response\n    raise exception_class(message, screen, stacktrace)\n",
    "steps" : [ ],
    "attachments" : [ ],
    "parameters" : [ ],
    "stepsCount" : 0,
    "attachmentsCount" : 0,
    "shouldDisplayMessage" : true,
    "hasContent" : true
  }, {
    "name" : "_session_faker",
    "time" : {
      "start" : 1650645593103,
      "stop" : 1650645593163,
      "duration" : 60
    },
    "status" : "passed",
    "steps" : [ ],
    "attachments" : [ ],
    "parameters" : [ ],
    "stepsCount" : 0,
    "attachmentsCount" : 0,
    "shouldDisplayMessage" : false,
    "hasContent" : false
  } ],
  "afterStages" : [ ],
  "labels" : [ {
    "name" : "tag",
    "value" : "@pytest.mark.usefixtures('web_setup')"
  }, {
    "name" : "parentSuite",
    "value" : "tests.ui"
  }, {
    "name" : "suite",
    "value" : "test_search"
  }, {
    "name" : "subSuite",
    "value" : "TestWeb"
  }, {
    "name" : "host",
    "value" : "fv-az154-793"
  }, {
    "name" : "thread",
    "value" : "3761-MainThread"
  }, {
    "name" : "framework",
    "value" : "pytest"
  }, {
    "name" : "language",
    "value" : "cpython3"
  }, {
    "name" : "package",
    "value" : "tests.ui.test_search"
  }, {
    "name" : "resultFormat",
    "value" : "allure2"
  } ],
  "parameters" : [ ],
  "links" : [ ],
  "hidden" : false,
  "retry" : false,
  "extra" : {
    "severity" : "normal",
    "retries" : [ ],
    "categories" : [ {
      "name" : "Test defects",
      "matchedStatuses" : [ ],
      "flaky" : false
    } ],
    "history" : {
      "statistic" : {
        "failed" : 0,
        "broken" : 1,
        "skipped" : 0,
        "passed" : 4,
        "unknown" : 0,
        "total" : 5
      },
      "items" : [ {
        "uid" : "68ee9b695cc96c7a",
        "reportUrl" : "https://rupu1906.github.io/docker-selenium/34//#testresult/68ee9b695cc96c7a",
        "status" : "passed",
        "time" : {
          "start" : 1650643418444,
          "stop" : 1650643419335,
          "duration" : 891
        }
      }, {
        "uid" : "ff0ca8e5e54060e6",
        "reportUrl" : "https://rupu1906.github.io/docker-selenium/31//#testresult/ff0ca8e5e54060e6",
        "status" : "passed",
        "time" : {
          "start" : 1649883256957,
          "stop" : 1649883258102,
          "duration" : 1145
        }
      }, {
        "uid" : "25c861344162d813",
        "reportUrl" : "https://rupu1906.github.io/docker-selenium/30//#testresult/25c861344162d813",
        "status" : "passed",
        "time" : {
          "start" : 1649883171113,
          "stop" : 1649883171762,
          "duration" : 649
        }
      }, {
        "uid" : "48b99a7fc0f9f0c2",
        "reportUrl" : "https://rupu1906.github.io/docker-selenium/77//#testresult/48b99a7fc0f9f0c2",
        "status" : "passed",
        "time" : {
          "start" : 1649882934969,
          "stop" : 1649882935626,
          "duration" : 657
        }
      } ]
    },
    "tags" : [ "@pytest.mark.usefixtures('web_setup')" ]
  },
  "source" : "12fa87c910577c0c.json",
  "parameterValues" : [ ]
}