{
  "uid" : "d4fa87c1bbf95c57",
  "name" : "Home page - smoke test",
  "fullName" : "tests.ui.test_search.TestWeb#test_homepage_title",
  "historyId" : "65fd2b4dfcf9c1e5ba26298719a99a88",
  "time" : {
    "start" : 1650645599782,
    "stop" : 1650645600375,
    "duration" : 593
  },
  "status" : "failed",
  "statusMessage" : "AssertionError: assert False",
  "statusTrace" : "self = <test_search.TestWeb object at 0x7f3efd059300>\n\n    @allure.title(\"Home page - smoke test\")\n    def test_homepage_title(self):\n        self.driver.get(\"https://www.google.com\")\n>       assert False\nE       assert False\n\ntests/ui/test_search.py:9: AssertionError",
  "flaky" : false,
  "newFailed" : true,
  "beforeStages" : [ {
    "name" : "browser",
    "time" : {
      "start" : 1650645599292,
      "stop" : 1650645599292,
      "duration" : 0
    },
    "status" : "passed",
    "steps" : [ ],
    "attachments" : [ ],
    "parameters" : [ ],
    "stepsCount" : 0,
    "attachmentsCount" : 0,
    "shouldDisplayMessage" : false,
    "hasContent" : false
  }, {
    "name" : "web_setup",
    "time" : {
      "start" : 1650645599292,
      "stop" : 1650645599781,
      "duration" : 489
    },
    "status" : "passed",
    "steps" : [ ],
    "attachments" : [ ],
    "parameters" : [ ],
    "stepsCount" : 0,
    "attachmentsCount" : 0,
    "shouldDisplayMessage" : false,
    "hasContent" : false
  }, {
    "name" : "_session_faker",
    "time" : {
      "start" : 1650645593103,
      "stop" : 1650645593163,
      "duration" : 60
    },
    "status" : "passed",
    "steps" : [ ],
    "attachments" : [ ],
    "parameters" : [ ],
    "stepsCount" : 0,
    "attachmentsCount" : 0,
    "shouldDisplayMessage" : false,
    "hasContent" : false
  } ],
  "afterStages" : [ {
    "name" : "web_setup::0",
    "time" : {
      "start" : 1650645600426,
      "stop" : 1650645600427,
      "duration" : 1
    },
    "status" : "broken",
    "statusMessage" : "NameError: name 'allure' is not defined\n",
    "statusTrace" : "  File \"/opt/hostedtoolcache/Python/3.10.4/x64/lib/python3.10/site-packages/allure_commons/_allure.py\", line 200, in __call__\n    return self._fixture_function(*args, **kwargs)\n  File \"/opt/hostedtoolcache/Python/3.10.4/x64/lib/python3.10/site-packages/_pytest/fixtures.py\", line 941, in _teardown_yield_fixture\n    next(it)\n  File \"/home/runner/work/docker-selenium/docker-selenium/tests/conftest.py\", line 55, in web_setup\n    allure.attach(\n",
    "steps" : [ ],
    "attachments" : [ ],
    "parameters" : [ ],
    "stepsCount" : 0,
    "attachmentsCount" : 0,
    "shouldDisplayMessage" : true,
    "hasContent" : true
  } ],
  "labels" : [ {
    "name" : "tag",
    "value" : "@pytest.mark.usefixtures('web_setup')"
  }, {
    "name" : "parentSuite",
    "value" : "tests.ui"
  }, {
    "name" : "suite",
    "value" : "test_search"
  }, {
    "name" : "subSuite",
    "value" : "TestWeb"
  }, {
    "name" : "host",
    "value" : "fv-az154-793"
  }, {
    "name" : "thread",
    "value" : "3761-MainThread"
  }, {
    "name" : "framework",
    "value" : "pytest"
  }, {
    "name" : "language",
    "value" : "cpython3"
  }, {
    "name" : "package",
    "value" : "tests.ui.test_search"
  }, {
    "name" : "resultFormat",
    "value" : "allure2"
  } ],
  "parameters" : [ ],
  "links" : [ ],
  "hidden" : false,
  "retry" : false,
  "extra" : {
    "severity" : "normal",
    "retries" : [ ],
    "categories" : [ {
      "name" : "Product defects",
      "matchedStatuses" : [ ],
      "flaky" : false
    } ],
    "history" : {
      "statistic" : {
        "failed" : 1,
        "broken" : 1,
        "skipped" : 0,
        "passed" : 3,
        "unknown" : 0,
        "total" : 5
      },
      "items" : [ {
        "uid" : "bd4f536c053dfd50",
        "reportUrl" : "https://rupu1906.github.io/docker-selenium/34//#testresult/bd4f536c053dfd50",
        "status" : "passed",
        "time" : {
          "start" : 1650643417188,
          "stop" : 1650643417872,
          "duration" : 684
        }
      }, {
        "uid" : "83d0ef82a811431d",
        "reportUrl" : "https://rupu1906.github.io/docker-selenium/31//#testresult/83d0ef82a811431d",
        "status" : "passed",
        "time" : {
          "start" : 1649883255698,
          "stop" : 1649883256390,
          "duration" : 692
        }
      }, {
        "uid" : "591515f98d406ecd",
        "reportUrl" : "https://rupu1906.github.io/docker-selenium/30//#testresult/591515f98d406ecd",
        "status" : "passed",
        "time" : {
          "start" : 1649883169750,
          "stop" : 1649883170476,
          "duration" : 726
        }
      }, {
        "uid" : "69637cb64a0b94d7",
        "reportUrl" : "https://rupu1906.github.io/docker-selenium/77//#testresult/69637cb64a0b94d7",
        "status" : "broken",
        "statusDetails" : "urllib3.exceptions.MaxRetryError: HTTPConnectionPool(host='chrome', port=4444): Max retries exceeded with url: /wd/hub/session (Caused by NewConnectionError('<urllib3.connection.HTTPConnection object at 0x7ff29f67b940>: Failed to establish a new connection: [Errno 111] Connection refused'))",
        "time" : {
          "start" : 1649882934083,
          "stop" : 1649882934083,
          "duration" : 0
        }
      } ]
    },
    "tags" : [ "@pytest.mark.usefixtures('web_setup')" ]
  },
  "source" : "d4fa87c1bbf95c57.json",
  "parameterValues" : [ ]
}